<?xml version="1.0" encoding="UTF-8"?>
<testng-results ignored="0" total="2" passed="2" failed="0" skipped="0">
  <reporter-output>
  </reporter-output>
  <suite started-at="2024-02-20T19:57:30 IST" name="Page Object Model Framework" finished-at="2024-02-20T19:58:23 IST" duration-ms="53672">
    <groups>
    </groups>
    <test started-at="2024-02-20T19:57:30 IST" name="Login Test" finished-at="2024-02-20T19:57:38 IST" duration-ms="8350">
      <class name="testcases.LoginTest">
        <test-method signature="loginTest(java.util.Hashtable)[pri:0, instance:testcases.LoginTest@52fc5eb1]" started-at="2024-02-20T19:57:30 IST" name="loginTest" data-provider="dp" finished-at="2024-02-20T19:57:37 IST" duration-ms="7378" status="PASS">
          <params>
            <param index="0">
              <value>
                <![CDATA[{password=Selenium@12345, Runmode=Y, username=seleniumpractice2024@gmail.com}]]>
              </value>
            </param>
          </params>
          <reporter-output>
          </reporter-output>
        </test-method> <!-- loginTest -->
      </class> <!-- testcases.LoginTest -->
    </test> <!-- Login Test -->
    <test started-at="2024-02-20T19:57:40 IST" name="Create Account Test" finished-at="2024-02-20T19:58:23 IST" duration-ms="43199">
      <class name="testcases.CreateAccountTest">
        <test-method signature="createAccountTest(java.util.Hashtable)[pri:0, instance:testcases.CreateAccountTest@383f1975]" started-at="2024-02-20T19:57:40 IST" name="createAccountTest" data-provider="dp" finished-at="2024-02-20T19:58:23 IST" duration-ms="43081" status="PASS">
          <params>
            <param index="0">
              <value>
                <![CDATA[{accountName=Shyam}]]>
              </value>
            </param>
          </params>
          <reporter-output>
          </reporter-output>
        </test-method> <!-- createAccountTest -->
        <test-method is-config="true" signature="tearDown()[pri:0, instance:testcases.CreateAccountTest@383f1975]" started-at="2024-02-20T19:58:23 IST" name="tearDown" finished-at="2024-02-20T19:58:25 IST" duration-ms="1333" status="PASS">
          <reporter-output>
          </reporter-output>
        </test-method> <!-- tearDown -->
      </class> <!-- testcases.CreateAccountTest -->
    </test> <!-- Create Account Test -->
  </suite> <!-- Page Object Model Framework -->
</testng-results>
