<?xml version="1.0" encoding="UTF-8"?>
<testsuite xmlns:xsi="http://www.w3.org/2001/XMLSchema-instance" xsi:noNamespaceSchemaLocation="https://maven.apache.org/surefire/maven-surefire-plugin/xsd/surefire-test-report-3.0.xsd" version="3.0" name="TestSuite" time="92.462" tests="2" errors="0" skipped="0" failures="0">
  <properties>
[...]
</properties>
  <testcase name="loginTest[{password=Selenium@12345, Runmode=Y, username=seleniumpractice2024@gmail.com}](1)" classname="testcases.LoginTest" time="8.207"/>
  <testcase name="createAccountTest[{accountName=Shyam}](1)" classname="testcases.CreateAccountTest" time="43.195"/>
</testsuite>